0 info it worked if it ends with ok
1 verbose cli [ '/Users/damianesteban/.nvm/versions/node/v6.9.0/bin/node',
1 verbose cli   '/Users/damianesteban/.nvm/versions/node/v6.9.0/bin/npm',
1 verbose cli   'install',
1 verbose cli   'Friend',
1 verbose cli   '--save' ]
2 info using npm@3.10.8
3 info using node@v6.9.0
4 silly loadCurrentTree Starting
5 silly install loadCurrentTree
6 silly install readLocalPackageData
7 silly fetchPackageMetaData Friend
8 silly fetchNamedPackageData Friend
9 silly mapToRegistry name Friend
10 silly mapToRegistry using default registry
11 silly mapToRegistry registry https://registry.yarnpkg.com/
12 silly mapToRegistry data Result {
12 silly mapToRegistry   raw: 'Friend',
12 silly mapToRegistry   scope: null,
12 silly mapToRegistry   escapedName: 'Friend',
12 silly mapToRegistry   name: 'Friend',
12 silly mapToRegistry   rawSpec: '',
12 silly mapToRegistry   spec: 'latest',
12 silly mapToRegistry   type: 'tag' }
13 silly mapToRegistry uri https://registry.yarnpkg.com/Friend
14 verbose request uri https://registry.yarnpkg.com/Friend
15 verbose request no auth needed
16 info attempt registry request try #1 at 8:49:59 PM
17 verbose request id c3502d746ccb3fb4
18 http request GET https://registry.yarnpkg.com/Friend
19 http 404 https://registry.yarnpkg.com/Friend
20 verbose headers { date: 'Sat, 14 Jan 2017 01:49:59 GMT',
20 verbose headers   'content-type': 'application/json',
20 verbose headers   'content-length': '2',
20 verbose headers   connection: 'keep-alive',
20 verbose headers   'set-cookie': [ '__cfduid=d48a9a8dcfbbfce3d6f3806ed0ac2445e1484358599; expires=Sun, 14-Jan-18 01:49:59 GMT; path=/; domain=.yarnpkg.com; HttpOnly' ],
20 verbose headers   'cache-control': 'max-age=0',
20 verbose headers   'accept-ranges': 'bytes',
20 verbose headers   via: '1.1 varnish',
20 verbose headers   age: '0',
20 verbose headers   'x-served-by': 'cache-jfk8132-JFK',
20 verbose headers   'x-cache': 'MISS',
20 verbose headers   'x-cache-hits': '0',
20 verbose headers   'x-timer': 'S1484358599.616292,VS0,VE376',
20 verbose headers   vary: 'Accept-Encoding',
20 verbose headers   server: 'cloudflare-nginx',
20 verbose headers   'cf-ray': '320d6f3e99f60edf-EWR' }
21 silly get cb [ 404,
21 silly get   { date: 'Sat, 14 Jan 2017 01:49:59 GMT',
21 silly get     'content-type': 'application/json',
21 silly get     'content-length': '2',
21 silly get     connection: 'keep-alive',
21 silly get     'set-cookie': [ '__cfduid=d48a9a8dcfbbfce3d6f3806ed0ac2445e1484358599; expires=Sun, 14-Jan-18 01:49:59 GMT; path=/; domain=.yarnpkg.com; HttpOnly' ],
21 silly get     'cache-control': 'max-age=0',
21 silly get     'accept-ranges': 'bytes',
21 silly get     via: '1.1 varnish',
21 silly get     age: '0',
21 silly get     'x-served-by': 'cache-jfk8132-JFK',
21 silly get     'x-cache': 'MISS',
21 silly get     'x-cache-hits': '0',
21 silly get     'x-timer': 'S1484358599.616292,VS0,VE376',
21 silly get     vary: 'Accept-Encoding',
21 silly get     server: 'cloudflare-nginx',
21 silly get     'cf-ray': '320d6f3e99f60edf-EWR' } ]
22 silly fetchPackageMetaData Error: Registry returned 404 for GET on https://registry.yarnpkg.com/Friend
22 silly fetchPackageMetaData     at makeError (/Users/damianesteban/.nvm/versions/node/v6.9.0/lib/node_modules/npm/node_modules/npm-registry-client/lib/request.js:302:12)
22 silly fetchPackageMetaData     at CachingRegistryClient.<anonymous> (/Users/damianesteban/.nvm/versions/node/v6.9.0/lib/node_modules/npm/node_modules/npm-registry-client/lib/request.js:280:14)
22 silly fetchPackageMetaData     at Request._callback (/Users/damianesteban/.nvm/versions/node/v6.9.0/lib/node_modules/npm/node_modules/npm-registry-client/lib/request.js:210:14)
22 silly fetchPackageMetaData     at Request.self.callback (/Users/damianesteban/.nvm/versions/node/v6.9.0/lib/node_modules/npm/node_modules/request/request.js:187:22)
22 silly fetchPackageMetaData     at emitTwo (events.js:106:13)
22 silly fetchPackageMetaData     at Request.emit (events.js:191:7)
22 silly fetchPackageMetaData     at Request.<anonymous> (/Users/damianesteban/.nvm/versions/node/v6.9.0/lib/node_modules/npm/node_modules/request/request.js:1044:10)
22 silly fetchPackageMetaData     at emitOne (events.js:96:13)
22 silly fetchPackageMetaData     at Request.emit (events.js:188:7)
22 silly fetchPackageMetaData     at IncomingMessage.<anonymous> (/Users/damianesteban/.nvm/versions/node/v6.9.0/lib/node_modules/npm/node_modules/request/request.js:965:12)
22 silly fetchPackageMetaData  error for Friend { Error: Registry returned 404 for GET on https://registry.yarnpkg.com/Friend
22 silly fetchPackageMetaData     at makeError (/Users/damianesteban/.nvm/versions/node/v6.9.0/lib/node_modules/npm/node_modules/npm-registry-client/lib/request.js:302:12)
22 silly fetchPackageMetaData     at CachingRegistryClient.<anonymous> (/Users/damianesteban/.nvm/versions/node/v6.9.0/lib/node_modules/npm/node_modules/npm-registry-client/lib/request.js:280:14)
22 silly fetchPackageMetaData     at Request._callback (/Users/damianesteban/.nvm/versions/node/v6.9.0/lib/node_modules/npm/node_modules/npm-registry-client/lib/request.js:210:14)
22 silly fetchPackageMetaData     at Request.self.callback (/Users/damianesteban/.nvm/versions/node/v6.9.0/lib/node_modules/npm/node_modules/request/request.js:187:22)
22 silly fetchPackageMetaData     at emitTwo (events.js:106:13)
22 silly fetchPackageMetaData     at Request.emit (events.js:191:7)
22 silly fetchPackageMetaData     at Request.<anonymous> (/Users/damianesteban/.nvm/versions/node/v6.9.0/lib/node_modules/npm/node_modules/request/request.js:1044:10)
22 silly fetchPackageMetaData     at emitOne (events.js:96:13)
22 silly fetchPackageMetaData     at Request.emit (events.js:188:7)
22 silly fetchPackageMetaData     at IncomingMessage.<anonymous> (/Users/damianesteban/.nvm/versions/node/v6.9.0/lib/node_modules/npm/node_modules/request/request.js:965:12) pkgid: 'Friend', statusCode: 404, code: 'E404' }
23 silly rollbackFailedOptional Starting
24 silly rollbackFailedOptional Finishing
25 silly runTopLevelLifecycles Finishing
26 silly install printInstalled
27 verbose stack Error: Registry returned 404 for GET on https://registry.yarnpkg.com/Friend
27 verbose stack     at makeError (/Users/damianesteban/.nvm/versions/node/v6.9.0/lib/node_modules/npm/node_modules/npm-registry-client/lib/request.js:302:12)
27 verbose stack     at CachingRegistryClient.<anonymous> (/Users/damianesteban/.nvm/versions/node/v6.9.0/lib/node_modules/npm/node_modules/npm-registry-client/lib/request.js:280:14)
27 verbose stack     at Request._callback (/Users/damianesteban/.nvm/versions/node/v6.9.0/lib/node_modules/npm/node_modules/npm-registry-client/lib/request.js:210:14)
27 verbose stack     at Request.self.callback (/Users/damianesteban/.nvm/versions/node/v6.9.0/lib/node_modules/npm/node_modules/request/request.js:187:22)
27 verbose stack     at emitTwo (events.js:106:13)
27 verbose stack     at Request.emit (events.js:191:7)
27 verbose stack     at Request.<anonymous> (/Users/damianesteban/.nvm/versions/node/v6.9.0/lib/node_modules/npm/node_modules/request/request.js:1044:10)
27 verbose stack     at emitOne (events.js:96:13)
27 verbose stack     at Request.emit (events.js:188:7)
27 verbose stack     at IncomingMessage.<anonymous> (/Users/damianesteban/.nvm/versions/node/v6.9.0/lib/node_modules/npm/node_modules/request/request.js:965:12)
28 verbose statusCode 404
29 verbose pkgid Friend
30 verbose cwd /Users/damianesteban/src/javascript/react/webpack-survivejs/react-boilerplate
31 error Darwin 16.3.0
32 error argv "/Users/damianesteban/.nvm/versions/node/v6.9.0/bin/node" "/Users/damianesteban/.nvm/versions/node/v6.9.0/bin/npm" "install" "Friend" "--save"
33 error node v6.9.0
34 error npm  v3.10.8
35 error code E404
36 error 404 Registry returned 404 for GET on https://registry.yarnpkg.com/Friend
37 error 404
38 error 404 'Friend' is not in the npm registry.
39 error 404 Your package name is not valid, because
40 error 404 1. name can no longer contain capital letters
41 error 404 Note that you can also install from a
42 error 404 tarball, folder, http url, or git url.
43 verbose exit [ 1, true ]
